[05-Dec-2018 04:36:00 UTC] PHP Fatal error:  Declaration of Codeception\Test\Unit::getDependencies() must be compatible with PHPUnit\Framework\TestCase::getDependencies(): array in /home/kinggems/public_html/vendor/codeception/base/src/Codeception/Test/Unit.php on line 14
[23-Dec-2018 01:17:53 UTC] PHP Fatal error:  Declaration of Codeception\Test\Unit::getDependencies() must be compatible with PHPUnit\Framework\TestCase::getDependencies(): array in /home/kinggems/public_html/vendor/codeception/base/src/Codeception/Test/Unit.php on line 14
[23-Dec-2018 11:30:22 UTC] PHP Fatal error:  Declaration of Codeception\Test\Unit::getDependencies() must be compatible with PHPUnit\Framework\TestCase::getDependencies(): array in /home/kinggems/public_html/vendor/codeception/base/src/Codeception/Test/Unit.php on line 14
[23-Dec-2018 19:47:04 UTC] PHP Fatal error:  Declaration of Codeception\Test\Unit::getDependencies() must be compatible with PHPUnit\Framework\TestCase::getDependencies(): array in /home/kinggems/public_html/vendor/codeception/base/src/Codeception/Test/Unit.php on line 14
[07-Jan-2019 15:18:06 UTC] PHP Fatal error:  Declaration of Codeception\Test\Unit::getDependencies() must be compatible with PHPUnit\Framework\TestCase::getDependencies(): array in /home/kinggems/public_html/vendor/codeception/base/src/Codeception/Test/Unit.php on line 14
[08-Jan-2019 05:28:05 UTC] PHP Fatal error:  Declaration of Codeception\Test\Unit::getDependencies() must be compatible with PHPUnit\Framework\TestCase::getDependencies(): array in /home/kinggems/public_html/vendor/codeception/base/src/Codeception/Test/Unit.php on line 14
[08-Jan-2019 14:20:41 UTC] PHP Fatal error:  Declaration of Codeception\Test\Unit::getDependencies() must be compatible with PHPUnit\Framework\TestCase::getDependencies(): array in /home/kinggems/public_html/vendor/codeception/base/src/Codeception/Test/Unit.php on line 14
[25-Jan-2019 17:02:54 UTC] PHP Fatal error:  Declaration of Codeception\Test\Unit::getDependencies() must be compatible with PHPUnit\Framework\TestCase::getDependencies(): array in /home/kinggems/public_html/vendor/codeception/base/src/Codeception/Test/Unit.php on line 14
[26-Jan-2019 08:30:22 UTC] PHP Fatal error:  Declaration of Codeception\Test\Unit::getDependencies() must be compatible with PHPUnit\Framework\TestCase::getDependencies(): array in /home/kinggems/public_html/vendor/codeception/base/src/Codeception/Test/Unit.php on line 14
[27-Jan-2019 00:18:58 UTC] PHP Fatal error:  Declaration of Codeception\Test\Unit::getDependencies() must be compatible with PHPUnit\Framework\TestCase::getDependencies(): array in /home/kinggems/public_html/vendor/codeception/base/src/Codeception/Test/Unit.php on line 14
[31-Jan-2019 04:36:07 UTC] PHP Fatal error:  Declaration of Codeception\Test\Unit::getDependencies() must be compatible with PHPUnit\Framework\TestCase::getDependencies(): array in /home/kinggems/public_html/vendor/codeception/base/src/Codeception/Test/Unit.php on line 14
[08-Feb-2019 00:44:47 UTC] PHP Fatal error:  Declaration of Codeception\Test\Unit::getDependencies() must be compatible with PHPUnit\Framework\TestCase::getDependencies(): array in /home/kinggems/public_html/vendor/codeception/base/src/Codeception/Test/Unit.php on line 14
[16-Feb-2019 12:23:36 UTC] PHP Fatal error:  Uncaught Exception: URL, /vendor/codeception/base/tests/data/app/, not found. in /home/kinggems/public_html/vendor/codeception/base/tests/data/app/glue.php:72
Stack trace:
#0 /home/kinggems/public_html/vendor/codeception/base/tests/data/app/index.php(54): glue::stick(Array)
#1 {main}
  thrown in /home/kinggems/public_html/vendor/codeception/base/tests/data/app/glue.php on line 72
[17-Feb-2019 18:27:42 UTC] PHP Fatal error:  Uncaught Exception: URL, /vendor/codeception/base/tests/data/app/, not found. in /home/kinggems/public_html/vendor/codeception/base/tests/data/app/glue.php:72
Stack trace:
#0 /home/kinggems/public_html/vendor/codeception/base/tests/data/app/index.php(54): glue::stick(Array)
#1 {main}
  thrown in /home/kinggems/public_html/vendor/codeception/base/tests/data/app/glue.php on line 72
