[22-Nov-2018 11:58:12 UTC] PHP Fatal error:  Uncaught Exception: PHPUnit suppresses exceptions thrown outside of test case function in /home/kinggems/public_html/vendor/phpunit/phpunit/tests/Regression/GitHub/873/Issue873Test.php:14
Stack trace:
#0 {main}
  thrown in /home/kinggems/public_html/vendor/phpunit/phpunit/tests/Regression/GitHub/873/Issue873Test.php on line 14
[24-Dec-2018 04:11:58 UTC] PHP Fatal error:  Uncaught Exception: PHPUnit suppresses exceptions thrown outside of test case function in /home/kinggems/public_html/vendor/phpunit/phpunit/tests/Regression/GitHub/873/Issue873Test.php:14
Stack trace:
#0 {main}
  thrown in /home/kinggems/public_html/vendor/phpunit/phpunit/tests/Regression/GitHub/873/Issue873Test.php on line 14
[24-Dec-2018 12:27:05 UTC] PHP Fatal error:  Uncaught Exception: PHPUnit suppresses exceptions thrown outside of test case function in /home/kinggems/public_html/vendor/phpunit/phpunit/tests/Regression/GitHub/873/Issue873Test.php:14
Stack trace:
#0 {main}
  thrown in /home/kinggems/public_html/vendor/phpunit/phpunit/tests/Regression/GitHub/873/Issue873Test.php on line 14
[25-Dec-2018 01:16:31 UTC] PHP Fatal error:  Uncaught Exception: PHPUnit suppresses exceptions thrown outside of test case function in /home/kinggems/public_html/vendor/phpunit/phpunit/tests/Regression/GitHub/873/Issue873Test.php:14
Stack trace:
#0 {main}
  thrown in /home/kinggems/public_html/vendor/phpunit/phpunit/tests/Regression/GitHub/873/Issue873Test.php on line 14
[26-Dec-2018 14:47:25 UTC] PHP Fatal error:  Uncaught Exception: PHPUnit suppresses exceptions thrown outside of test case function in /home/kinggems/public_html/vendor/phpunit/phpunit/tests/Regression/GitHub/873/Issue873Test.php:14
Stack trace:
#0 {main}
  thrown in /home/kinggems/public_html/vendor/phpunit/phpunit/tests/Regression/GitHub/873/Issue873Test.php on line 14
[08-Jan-2019 23:31:16 UTC] PHP Fatal error:  Uncaught Exception: PHPUnit suppresses exceptions thrown outside of test case function in /home/kinggems/public_html/vendor/phpunit/phpunit/tests/Regression/GitHub/873/Issue873Test.php:14
Stack trace:
#0 {main}
  thrown in /home/kinggems/public_html/vendor/phpunit/phpunit/tests/Regression/GitHub/873/Issue873Test.php on line 14
[09-Jan-2019 13:46:10 UTC] PHP Fatal error:  Uncaught Exception: PHPUnit suppresses exceptions thrown outside of test case function in /home/kinggems/public_html/vendor/phpunit/phpunit/tests/Regression/GitHub/873/Issue873Test.php:14
Stack trace:
#0 {main}
  thrown in /home/kinggems/public_html/vendor/phpunit/phpunit/tests/Regression/GitHub/873/Issue873Test.php on line 14
[09-Jan-2019 19:37:49 UTC] PHP Fatal error:  Uncaught Exception: PHPUnit suppresses exceptions thrown outside of test case function in /home/kinggems/public_html/vendor/phpunit/phpunit/tests/Regression/GitHub/873/Issue873Test.php:14
Stack trace:
#0 {main}
  thrown in /home/kinggems/public_html/vendor/phpunit/phpunit/tests/Regression/GitHub/873/Issue873Test.php on line 14
[27-Jan-2019 10:55:27 UTC] PHP Fatal error:  Uncaught Exception: PHPUnit suppresses exceptions thrown outside of test case function in /home/kinggems/public_html/vendor/phpunit/phpunit/tests/Regression/GitHub/873/Issue873Test.php:14
Stack trace:
#0 {main}
  thrown in /home/kinggems/public_html/vendor/phpunit/phpunit/tests/Regression/GitHub/873/Issue873Test.php on line 14
[27-Jan-2019 22:02:33 UTC] PHP Fatal error:  Uncaught Exception: PHPUnit suppresses exceptions thrown outside of test case function in /home/kinggems/public_html/vendor/phpunit/phpunit/tests/Regression/GitHub/873/Issue873Test.php:14
Stack trace:
#0 {main}
  thrown in /home/kinggems/public_html/vendor/phpunit/phpunit/tests/Regression/GitHub/873/Issue873Test.php on line 14
[28-Jan-2019 03:24:36 UTC] PHP Fatal error:  Uncaught Exception: PHPUnit suppresses exceptions thrown outside of test case function in /home/kinggems/public_html/vendor/phpunit/phpunit/tests/Regression/GitHub/873/Issue873Test.php:14
Stack trace:
#0 {main}
  thrown in /home/kinggems/public_html/vendor/phpunit/phpunit/tests/Regression/GitHub/873/Issue873Test.php on line 14
[31-Jan-2019 21:54:37 UTC] PHP Fatal error:  Uncaught Exception: PHPUnit suppresses exceptions thrown outside of test case function in /home/kinggems/public_html/vendor/phpunit/phpunit/tests/Regression/GitHub/873/Issue873Test.php:14
Stack trace:
#0 {main}
  thrown in /home/kinggems/public_html/vendor/phpunit/phpunit/tests/Regression/GitHub/873/Issue873Test.php on line 14
[18-Feb-2019 08:04:49 UTC] PHP Fatal error:  Uncaught Exception: PHPUnit suppresses exceptions thrown outside of test case function in /home/kinggems/public_html/vendor/phpunit/phpunit/tests/Regression/GitHub/873/Issue873Test.php:14
Stack trace:
#0 {main}
  thrown in /home/kinggems/public_html/vendor/phpunit/phpunit/tests/Regression/GitHub/873/Issue873Test.php on line 14
[19-Feb-2019 01:24:52 UTC] PHP Fatal error:  Uncaught Exception: PHPUnit suppresses exceptions thrown outside of test case function in /home/kinggems/public_html/vendor/phpunit/phpunit/tests/Regression/GitHub/873/Issue873Test.php:14
Stack trace:
#0 {main}
  thrown in /home/kinggems/public_html/vendor/phpunit/phpunit/tests/Regression/GitHub/873/Issue873Test.php on line 14
[19-Feb-2019 10:09:05 UTC] PHP Fatal error:  Uncaught Exception: PHPUnit suppresses exceptions thrown outside of test case function in /home/kinggems/public_html/vendor/phpunit/phpunit/tests/Regression/GitHub/873/Issue873Test.php:14
Stack trace:
#0 {main}
  thrown in /home/kinggems/public_html/vendor/phpunit/phpunit/tests/Regression/GitHub/873/Issue873Test.php on line 14
